/BATCH  
/COM,ANSYS RELEASE 15.0    UP20131014       09:56:28    08/15/2014
/input,menust,tmp,''
/GRA,POWER
/GST,ON
/PLO,INFO,3
/GRO,CURL,ON
/CPLANE,1   
/REPLOT,RESIZE  
WPSTYLE,,,,,,,,0
/TITLE,FREE VIBRATION WITH COULOMB DAMPING  
/PREP7  
!*  
ET,1,COMBIN40   
!*  
KEYOPT,1,1,0
KEYOPT,1,3,0
KEYOPT,1,4,0
KEYOPT,1,6,2
!*  
R,1,10000, ,10/386, ,1.875,30,  
!*  
N,1,,,,,,,  
N,2,1,,,,,, 
/PNUM,KP,0  
/PNUM,LINE,0
/PNUM,AREA,0
/PNUM,VOLU,0
/PNUM,NODE,1
/PNUM,TABN,0
/PNUM,SVAL,0
/NUMBER,0   
!*  
/PNUM,ELEM,0
/REPLOT 
!*  
/PLOPTS,INFO,3  
/PLOPTS,LEG1,1  
/PLOPTS,LEG2,1  
/PLOPTS,LEG3,1  
/PLOPTS,FRAME,1 
/PLOPTS,TITLE,1 
/PLOPTS,MINM,1  
/PLOPTS,FILE,0  
/PLOPTS,LOGO,1  
/PLOPTS,WINS,1  
/PLOPTS,WP,0
/PLOPTS,DATE,2  
/TRIAD,LTOP 
/REPLOT 
!*  
TYPE,   1   
MAT,
REAL,       1   
ESYS,       0   
SECNUM, 
TSHAP,LINE  
!*  
FLST,2,2,1  
FITEM,2,1   
FITEM,2,2   
E,P51X  
FLST,2,1,1,ORDE,1   
FITEM,2,2   
IC,P51X,UX,-1,0,
FINISH  
/SOL
!*  
ANTYPE,4
!*  
TRNOPT,FULL 
LUMPM,0 
!*  
NSUBST,404,0,0  
OUTRES,ERASE
OUTRES,ALL,ALL  
AUTOTS,0
TIME,0.2025 
!*  
CNVTOL,F,1,0.001,2, ,   
!*  
!*  
!*  
SOLCONTROL,OFF, ,NOPL   
!*  
!*  
TIME,0.2025 
AUTOTS,0
NSUBST,404,0,0,0
KBC,1   
!*  
TSRES,ERASE 
FLST,2,1,1,ORDE,1   
FITEM,2,1   
!*  
/GO 
D,P51X, , , , , ,UX, , , , ,
/STATUS,SOLU
SOLVE   
FINISH  
/POST1  
FINISH  
/POST26 
FILE,'file','rst','.'   
/UI,COLL,1  
NUMVAR,200  
SOLU,191,NCMIT  
STORE,MERGE 
FILLDATA,191,,,,1,1 
REALVAR,191,191 
!*  
NSOL,2,2,U,X, UX_2, 
STORE,MERGE 
FORCE,TOTAL 
!*  
!*  
ESOL,3,1,1 ,SMISC,1,F1  
STORE,MERGE 
/GRID,1 
/GTHK,GRID,1
/GROPT,CGRID,0  
!*  
/AXLAB,X,   
/AXLAB,Y,DISP   
/GTHK,AXIS,2
/GRTYP,0
/GROPT,ASCAL,ON 
/GROPT,LOGX,OFF 
/GROPT,LOGY,OFF 
/GROPT,AXDV,1   
/GROPT,AXNM,ON  
/GROPT,AXNSC,1, 
/GROPT,DIG1,4,  
/GROPT,DIG2,3,  
/GROPT,XAXO,0,  
/GROPT,YAXO,0,  
/GROPT,DIVX,
/GROPT,DIVY,
/GROPT,REVX,0   
/GROPT,REVY,0   
/GROPT,LTYP,0   
!*  
/XRANGE,DEFAULT 
/YRANGE,DEFAULT,,1  
!*  
/GTHK,CURVE,2   
/GROPT,FILL,OFF 
/GROPT,CURL,1   
/GCOLUMN,1, 
/GMARKER,1,0,1, 
!*  
PLVAR,2, , , , , , , , , ,  
/AXLAB,X,   
/AXLAB,Y,FORCE  
/GTHK,AXIS,2
/GRTYP,0
/GROPT,ASCAL,ON 
/GROPT,LOGX,OFF 
/GROPT,LOGY,OFF 
/GROPT,AXDV,1   
/GROPT,AXNM,ON  
/GROPT,AXNSC,1, 
/GROPT,DIG1,4,  
/GROPT,DIG2,3,  
/GROPT,XAXO,0,  
/GROPT,YAXO,0,  
/GROPT,DIVX,
/GROPT,DIVY,
/GROPT,REVX,0   
/GROPT,REVY,0   
/GROPT,LTYP,0   
!*  
/XRANGE,DEFAULT 
/YRANGE,DEFAULT,,1  
!*  
PLVAR,3, , , , , , , , , ,  
PRVAR,2,3, , , , ,  
SAVE
FINISH  
! /EXIT,ALL 
/BATCH  
/COM,ANSYS RELEASE 15.0    UP20131014       10:24:50    08/15/2014
/input,menust,tmp,''
/GRA,POWER
/GST,ON
/PLO,INFO,3
/GRO,CURL,ON
/CPLANE,1   
/REPLOT,RESIZE  
WPSTYLE,,,,,,,,0
FINISH  
! /EXIT,NOSAV   
